Determining if the pthread_create exist failed with the following output:
Change Dir: /home/wangqg/zg/GNNmini/CMakeFiles/CMakeTmp

Run Build Command(s):/usr/bin/make cmTC_f5709/fast 
/usr/bin/make -f CMakeFiles/cmTC_f5709.dir/build.make CMakeFiles/cmTC_f5709.dir/build
make[1]: Entering directory '/home/wangqg/zg/GNNmini/CMakeFiles/CMakeTmp'
Building C object CMakeFiles/cmTC_f5709.dir/CheckSymbolExists.c.o
/usr/bin/cc    -o CMakeFiles/cmTC_f5709.dir/CheckSymbolExists.c.o   -c /home/wangqg/zg/GNNmini/CMakeFiles/CMakeTmp/CheckSymbolExists.c
Linking C executable cmTC_f5709
/usr/local/bin/cmake -E cmake_link_script CMakeFiles/cmTC_f5709.dir/link.txt --verbose=1
/usr/bin/cc      -rdynamic CMakeFiles/cmTC_f5709.dir/CheckSymbolExists.c.o  -o cmTC_f5709 
CMakeFiles/cmTC_f5709.dir/CheckSymbolExists.c.o: In function `main':
CheckSymbolExists.c:(.text+0x16): undefined reference to `pthread_create'
collect2: error: ld returned 1 exit status
CMakeFiles/cmTC_f5709.dir/build.make:86: recipe for target 'cmTC_f5709' failed
make[1]: *** [cmTC_f5709] Error 1
make[1]: Leaving directory '/home/wangqg/zg/GNNmini/CMakeFiles/CMakeTmp'
Makefile:121: recipe for target 'cmTC_f5709/fast' failed
make: *** [cmTC_f5709/fast] Error 2

File /home/wangqg/zg/GNNmini/CMakeFiles/CMakeTmp/CheckSymbolExists.c:
/* */
#include <pthread.h>

int main(int argc, char** argv)
{
  (void)argv;
#ifndef pthread_create
  return ((int*)(&pthread_create))[argc];
#else
  (void)argc;
  return 0;
#endif
}

Determining if the function pthread_create exists in the pthreads failed with the following output:
Change Dir: /home/wangqg/zg/GNNmini/CMakeFiles/CMakeTmp

Run Build Command(s):/usr/bin/make cmTC_74851/fast 
/usr/bin/make -f CMakeFiles/cmTC_74851.dir/build.make CMakeFiles/cmTC_74851.dir/build
make[1]: Entering directory '/home/wangqg/zg/GNNmini/CMakeFiles/CMakeTmp'
Building C object CMakeFiles/cmTC_74851.dir/CheckFunctionExists.c.o
/usr/bin/cc   -DCHECK_FUNCTION_EXISTS=pthread_create   -o CMakeFiles/cmTC_74851.dir/CheckFunctionExists.c.o   -c /usr/local/share/cmake-3.14/Modules/CheckFunctionExists.c
Linking C executable cmTC_74851
/usr/local/bin/cmake -E cmake_link_script CMakeFiles/cmTC_74851.dir/link.txt --verbose=1
/usr/bin/cc  -DCHECK_FUNCTION_EXISTS=pthread_create    -rdynamic CMakeFiles/cmTC_74851.dir/CheckFunctionExists.c.o  -o cmTC_74851 -lpthreads 
/usr/bin/ld: cannot find -lpthreads
collect2: error: ld returned 1 exit status
CMakeFiles/cmTC_74851.dir/build.make:86: recipe for target 'cmTC_74851' failed
make[1]: *** [cmTC_74851] Error 1
make[1]: Leaving directory '/home/wangqg/zg/GNNmini/CMakeFiles/CMakeTmp'
Makefile:121: recipe for target 'cmTC_74851/fast' failed
make: *** [cmTC_74851/fast] Error 2


